<?xml version="1.0" encoding="UTF-8"?>
<!-- Generated by org.testng.reporters.JUnitReportReporter -->
<testsuite hostname="VHCOLPT-HH-129" failures="0" tests="1" name="ICT_Flow" time="0.333" errors="0" timestamp="2025-03-10T17:12:05 IST" skipped="0">
  <testcase classname="ICT_Flow" name="loginPage" time="0.333"/>
</testsuite> <!-- ICT_Flow -->
